This is pdfTeX, Version 3.1415926-1.40.10 (TeX Live 2009/Debian) (format=pdflatex 2010.8.19)  17 JAN 2011 20:16
entering extended mode
 restricted \write18 enabled.
 %&-line parsing enabled.
**paper_memoria.tex
(./paper_memoria.tex
LaTeX2e <2009/09/24>
Babel <v3.8l> and hyphenation patterns for english, usenglishmax, dumylang, noh
yphenation, loaded.
(./acm_proc_article-sp.cls
(/usr/share/texmf-texlive/tex/latex/graphics/epsfig.sty
Package: epsfig 1999/02/16 v1.7a (e)psfig emulation (SPQR)

(/usr/share/texmf-texlive/tex/latex/graphics/graphicx.sty
Package: graphicx 1999/02/16 v1.0f Enhanced LaTeX Graphics (DPC,SPQR)

(/usr/share/texmf-texlive/tex/latex/graphics/keyval.sty
Package: keyval 1999/03/16 v1.13 key=value parser (DPC)
\KV@toks@=\toks14
)
(/usr/share/texmf-texlive/tex/latex/graphics/graphics.sty
Package: graphics 2009/02/05 v1.0o Standard LaTeX Graphics (DPC,SPQR)

(/usr/share/texmf-texlive/tex/latex/graphics/trig.sty
Package: trig 1999/03/16 v1.09 sin cos tan (DPC)
)
(/etc/texmf/tex/latex/config/graphics.cfg
File: graphics.cfg 2009/08/28 v1.8 graphics configuration of TeX Live
)
Package graphics Info: Driver file: pdftex.def on input line 91.

(/usr/share/texmf-texlive/tex/latex/pdftex-def/pdftex.def
File: pdftex.def 2009/08/25 v0.04m Graphics/color for pdfTeX
\Gread@gobject=\count79
))
\Gin@req@height=\dimen102
\Gin@req@width=\dimen103
)
\epsfxsize=\dimen104
\epsfysize=\dimen105
)
(/usr/share/texmf-texlive/tex/latex/amsfonts/amssymb.sty
Package: amssymb 2009/06/22 v3.00

(/usr/share/texmf-texlive/tex/latex/amsfonts/amsfonts.sty
Package: amsfonts 2009/06/22 v3.00 Basic AMSFonts support
\@emptytoks=\toks15
\symAMSa=\mathgroup4
\symAMSb=\mathgroup5
LaTeX Font Info:    Overwriting math alphabet `\mathfrak' in version `bold'
(Font)                  U/euf/m/n --> U/euf/b/n on input line 96.
))
(/usr/share/texmf-texlive/tex/latex/amsmath/amsmath.sty
Package: amsmath 2000/07/18 v2.13 AMS math features
\@mathmargin=\skip41

For additional information on amsmath, use the `?' option.
(/usr/share/texmf-texlive/tex/latex/amsmath/amstext.sty
Package: amstext 2000/06/29 v2.01

(/usr/share/texmf-texlive/tex/latex/amsmath/amsgen.sty
File: amsgen.sty 1999/11/30 v2.0
\@emptytoks=\toks16
\ex@=\dimen106
))
(/usr/share/texmf-texlive/tex/latex/amsmath/amsbsy.sty
Package: amsbsy 1999/11/29 v1.2d
\pmbraise@=\dimen107
)
(/usr/share/texmf-texlive/tex/latex/amsmath/amsopn.sty
Package: amsopn 1999/12/14 v2.01 operator names
)
\inf@bad=\count80
LaTeX Info: Redefining \frac on input line 211.
\uproot@=\count81
\leftroot@=\count82
LaTeX Info: Redefining \overline on input line 307.
\classnum@=\count83
\DOTSCASE@=\count84
LaTeX Info: Redefining \ldots on input line 379.
LaTeX Info: Redefining \dots on input line 382.
LaTeX Info: Redefining \cdots on input line 467.
\Mathstrutbox@=\box26
\strutbox@=\box27
\big@size=\dimen108
LaTeX Font Info:    Redeclaring font encoding OML on input line 567.
LaTeX Font Info:    Redeclaring font encoding OMS on input line 568.
\macc@depth=\count85
\c@MaxMatrixCols=\count86
\dotsspace@=\muskip10
\c@parentequation=\count87
\dspbrk@lvl=\count88
\tag@help=\toks17
\row@=\count89
\column@=\count90
\maxfields@=\count91
\andhelp@=\toks18
\eqnshift@=\dimen109
\alignsep@=\dimen110
\tagshift@=\dimen111
\tagwidth@=\dimen112
\totwidth@=\dimen113
\lineht@=\dimen114
\@envbody=\toks19
\multlinegap=\skip42
\multlinetaggap=\skip43
\mathdisplay@stack=\toks20
LaTeX Info: Redefining \[ on input line 2666.
LaTeX Info: Redefining \] on input line 2667.
)
Document Class 'acm_proc_article-sp' <22nd. April '09>. Modified by G.K.M. Tobi
n
Based in part upon document Style `acmconf' <22 May 89>. Hacked 4/91 by
shivers@cs.cmu.edu, 4/93 by theobald@cs.mcgill.ca
Excerpts were taken from (Journal Style) 'esub2acm.cls'.
****** Bugs/comments/suggestions to Gerry Murray -- murray@hq.acm.org ******
\footheight=\dimen115
\@maxsep=\dimen116
\@dblmaxsep=\dimen117
\aucount=\count92
\originalaucount=\count93
\auwidth=\dimen118
\auskip=\dimen119
\auskipcount=\count94
\auskip=\dimen120
\allauboxes=\dimen121
\addauthors=\toks21
\addauflag=\count95
\subtitletext=\toks22
\savesection=\count96
\sectioncntr=\count97
\c@figure=\count98
\c@table=\count99
\titleboxnotes=\toks23
\titleboxnoteflag=\count100
Document Class: acm_proc_article-sp 2009/04/22 - V3.2SP - based on esub2acm.sty
 <23 April 96>
(/usr/share/texmf-texlive/tex/latex/base/latexsym.sty
Package: latexsym 1998/08/17 v2.2e Standard LaTeX package (lasy symbols)
\symlasy=\mathgroup6
LaTeX Font Info:    Overwriting symbol font `lasy' in version `bold'
(Font)                  U/lasy/m/n --> U/lasy/b/n on input line 47.
)
\@acmtitlebox=\box28
\titlenotecount=\count101
\tntoks=\toks24
\tntokstwo=\toks25
\tntoksthree=\toks26
\tntoksfour=\toks27
\tntoksfive=\toks28
\catcount=\count102
\copyrightnotice=\toks29
\conf=\toks30
\confinfo=\toks31
\c@part=\count103
\c@section=\count104
\c@subsection=\count105
\c@subsubsection=\count106
\c@paragraph=\count107

Using 'Abbrev' bibliography style
LaTeX Info: Redefining \cite on input line 1236.
\bibindent=\dimen122
\colcntr=\count108
\saveb@x=\box29
\copyrtyr=\toks32
\acmcopyr=\toks33
\boilerplate=\toks34
\copyrightetc=\toks35
(/usr/share/texmf-texlive/tex/latex/base/fontenc.sty
Package: fontenc 2005/09/27 v1.99g Standard LaTeX package

(/usr/share/texmf-texlive/tex/latex/base/t1enc.def
File: t1enc.def 2005/09/27 v1.99g Standard LaTeX file
LaTeX Font Info:    Redeclaring font encoding T1 on input line 43.
)
LaTeX Font Info:    Try loading font information for T1+aer on input line 100.

(/usr/share/texmf-texlive/tex/latex/ae/t1aer.fd
File: t1aer.fd 1997/11/16 Font definitions for T1/aer.
))) (./paper_memoria.aux)
\openout1 = `paper_memoria.aux'.

LaTeX Font Info:    Checking defaults for OML/cmm/m/it on input line 31.
LaTeX Font Info:    ... okay on input line 31.
LaTeX Font Info:    Checking defaults for T1/cmr/m/n on input line 31.
LaTeX Font Info:    ... okay on input line 31.
LaTeX Font Info:    Checking defaults for OT1/cmr/m/n on input line 31.
LaTeX Font Info:    ... okay on input line 31.
LaTeX Font Info:    Checking defaults for OMS/cmsy/m/n on input line 31.
LaTeX Font Info:    ... okay on input line 31.
LaTeX Font Info:    Checking defaults for OMX/cmex/m/n on input line 31.
LaTeX Font Info:    ... okay on input line 31.
LaTeX Font Info:    Checking defaults for U/cmr/m/n on input line 31.
LaTeX Font Info:    ... okay on input line 31.

(/usr/share/texmf/tex/context/base/supp-pdf.mkii
[Loading MPS to PDF converter (version 2006.09.02).]
\scratchcounter=\count109
\scratchdimen=\dimen123
\scratchbox=\box30
\nofMPsegments=\count110
\nofMParguments=\count111
\everyMPshowfont=\toks36
\MPscratchCnt=\count112
\MPscratchDim=\dimen124
\MPnumerator=\count113
\everyMPtoPDFconversion=\toks37
)
LaTeX Font Info:    Try loading font information for U+msa on input line 105.
 (/usr/share/texmf-texlive/tex/latex/amsfonts/umsa.fd
File: umsa.fd 2009/06/22 v3.00 AMS symbols A
)
LaTeX Font Info:    Try loading font information for U+msb on input line 105.

(/usr/share/texmf-texlive/tex/latex/amsfonts/umsb.fd
File: umsb.fd 2009/06/22 v3.00 AMS symbols B
)
LaTeX Font Info:    Try loading font information for U+lasy on input line 105.

(/usr/share/texmf-texlive/tex/latex/base/ulasy.fd
File: ulasy.fd 1998/08/17 v2.2e LaTeX symbol font definitions
)
LaTeX Font Info:    Try loading font information for T1+aett on input line 106.


(/usr/share/texmf-texlive/tex/latex/ae/t1aett.fd
File: t1aett.fd 1997/11/16 Font definitions for T1/aett.
)
Overfull \hbox (1.0793pt too wide) in paragraph at lines 107--113
\T1/aer/m/it/9 Prepar-ing ACM SIG Pro-ceed-ings Us-ing L[]T[]X$\OT1/cmr/m/n/9 2
[]$ \T1/aer/m/it/9 and BibT[]X\T1/aer/m/n/9 .
 []


Overfull \hbox (1.26794pt too wide) in paragraph at lines 129--130
\T1/aer/m/n/9 H.4 [\T1/aer/bx/n/9 Information Sys-tems Ap-pli-ca-tions\T1/aer/m
/n/9 ]: Mis-cel-la-neous;
 []


Underfull \hbox (badness 10000) in paragraph at lines 149--174

 []

[1{/var/lib/texmf/fonts/map/pdftex/updmap/pdftex.map}


]
\c@definition=\count114

Overfull \hbox (2.18555pt too wide) in paragraph at lines 197--199
[]\T1/aer/m/n/9 The real com-mu-ni-ca-tion model mod-els an asyn-chronous com-
 []


Overfull \hbox (28.22177pt too wide) in paragraph at lines 274--279
[]\T1/aer/m/n/9 If $[] \OT1/cmr/m/n/9 = ([]\OML/cmm/m/it/9 ; [] ; []\OT1/cmr/m/
n/9 )$\T1/aer/m/n/9 , we write $\OMS/cmsy/m/n/9 I\OT1/cmr/m/n/9 (\OMS/cmsy/m/n/
9 S\OML/cmm/m/it/9 ; []\OT1/cmr/m/n/9 )$ \T1/aer/m/n/9 in-stead of $\OMS/cmsy/m
/n/9 I\OT1/cmr/m/n/9 (\OMS/cmsy/m/n/9 F\OML/cmm/m/it/9 ; \OMS/cmsy/m/n/9 S\OML/
cmm/m/it/9 ; []; [] ; []\OT1/cmr/m/n/9 )$
 []


Underfull \hbox (badness 10000) in paragraph at lines 274--279

 []


Overfull \hbox (43.70726pt too wide) in paragraph at lines 287--296
[]\T1/aer/m/n/9 Let $\OT1/cmr/m/n/9 (\OML/cmm/m/it/9 V; E\OT1/cmr/m/n/9 ) = \OM
S/cmsy/m/n/9 I\OT1/cmr/m/n/9 (\OMS/cmsy/m/n/9 F\OML/cmm/m/it/9 ; \OMS/cmsy/m/n/
9 S\OML/cmm/m/it/9 ; []; [] ; []\OT1/cmr/m/n/9 )$\T1/aer/m/n/9 . Then we write 
$\OMS/cmsy/m/n/9 Z\OT1/cmr/m/n/9 (\OMS/cmsy/m/n/9 I\OT1/cmr/m/n/9 (\OMS/cmsy/m/
n/9 F\OML/cmm/m/it/9 ; \OMS/cmsy/m/n/9 S\OML/cmm/m/it/9 ; []; [] ; []\OT1/cmr/m
/n/9 ))$
 []

[2]
Overfull \hbox (1.46425pt too wide) in paragraph at lines 298--320
[]\T1/aer/m/n/9 Suppose that we are given $\OT1/cmr/m/n/9 (\OML/cmm/m/it/9 V; E
\OT1/cmr/m/n/9 ) = \OMS/cmsy/m/n/9 R\OT1/cmr/m/n/9 (\OMS/cmsy/m/n/9 A\OML/cmm/m
/it/9 ; ^^Y\OT1/cmr/m/n/9 )$\T1/aer/m/n/9 ,
 []


Overfull \hbox (18.76366pt too wide) in paragraph at lines 298--320
\OML/cmm/m/it/9 ^^Y \OT1/cmr/m/n/9 = (\OML/cmm/m/it/9 P[]; [] ; P[]\OT1/cmr/m/n
/9 )$\T1/aer/m/n/9 . Let $\OT1/cmr/m/n/9 (\OML/cmm/m/it/9 V[]; E[]\OT1/cmr/m/n/
9 ) = \OMS/cmsy/m/n/9 I\OT1/cmr/m/n/9 (\OMS/cmsy/m/n/9 S[]\OML/cmm/m/it/9 ; []\
OT1/cmr/m/n/9 )$\T1/aer/m/n/9 , $[] \OT1/cmr/m/n/9 = ([]\OML/cmm/m/it/9 ; [] ; 
[]\OT1/cmr/m/n/9 )$
 []


Overfull \hbox (6.88771pt too wide) in paragraph at lines 298--320
\T1/aer/m/n/9 for $\OML/cmm/m/it/9 j \OT1/cmr/m/n/9 = 1\OML/cmm/m/it/9 ; [] ; t
$\T1/aer/m/n/9 , and $\OT1/cmr/m/n/9 (\OML/cmm/m/it/9 V[]; E[]\OT1/cmr/m/n/9 ) 
= \OMS/cmsy/m/n/9 R\OT1/cmr/m/n/9 (\OMS/cmsy/m/n/9 S[]\OML/cmm/m/it/9 ; ^^Y[]\O
T1/cmr/m/n/9 )$\T1/aer/m/n/9 , $\OML/cmm/m/it/9 ^^Y[] \OT1/cmr/m/n/9 = (\OML/cm
m/m/it/9 P[]; [] ; P[]\OT1/cmr/m/n/9 )$
 []


Overfull \hbox (21.22514pt too wide) in paragraph at lines 331--355
\T1/aer/m/n/9 Similarly as above we write $\OMS/cmsy/m/n/9 Z\OT1/cmr/m/n/9 (\OM
S/cmsy/m/n/9 H\OT1/cmr/m/n/9 (\OMS/cmsy/m/n/9 A[]\OML/cmm/m/it/9 ; ^^Y[]\OT1/cm
r/m/n/9 ))$
 []

\c@theorem=\count115

Underfull \hbox (badness 10000) in paragraph at lines 385--389

 []


LaTeX Warning: Citation `CanKusLin06' on page \thepage  undefined on input line
 401.


Overfull \hbox (2.39189pt too wide) in paragraph at lines 391--440
\T1/aer/m/it/9 shared func-tion-al-ity $[]$\T1/aer/m/n/9 . GUC frame-work mod-e
ls $[]$-subroutine
 []


Overfull \hbox (61.00095pt too wide) in paragraph at lines 391--440
\T1/aer/m/n/9 ITM-graph $\OT1/cmr/m/n/9 (\OML/cmm/m/it/9 V; E\OT1/cmr/m/n/9 )$ 
\T1/aer/m/n/9 given by $\OMS/cmsy/m/n/9 H\OT1/cmr/m/n/9 (\OMS/cmsy/m/n/9 A[]\OM
L/cmm/m/it/9 ; ^^Y[]\OT1/cmr/m/n/9 ))$\T1/aer/m/n/9 ,
 []


Overfull \hbox (24.31012pt too wide) in paragraph at lines 391--440
\T1/aer/m/n/9 by $\OML/cmm/m/it/9 V[] \OT1/cmr/m/n/9 = \OML/cmm/m/it/9 V \OMS/c
msy/m/n/9 [ fZg$\T1/aer/m/n/9 , and $\OML/cmm/m/it/9 E[] \OT1/cmr/m/n/9 = \OML/
cmm/m/it/9 E[] \OMS/cmsy/m/n/9 [ fZ\OML/cmm/m/it/9 ; \OMS/cmsy/m/n/9 Ag [ [][] 
[][]f\OT1/cmr/m/n/9 (\OMS/cmsy/m/n/9 Z\OML/cmm/m/it/9 ; []\OT1/cmr/m/n/9 )\OMS/
cmsy/m/n/9 g [
 []


Overfull \hbox (31.73705pt too wide) in paragraph at lines 391--440
[][]\OMS/cmsy/m/n/9 f\OT1/cmr/m/n/9 (\OMS/cmsy/m/n/9 Z\OML/cmm/m/it/9 ; P[]\OT1
/cmr/m/n/9 )\OMS/cmsy/m/n/9 g$\T1/aer/m/n/9 . We re-mark that the set links $[]
[] [][]\OMS/cmsy/m/n/9 f\OT1/cmr/m/n/9 (\OMS/cmsy/m/n/9 Z\OML/cmm/m/it/9 ; []\O
T1/cmr/m/n/9 )\OMS/cmsy/m/n/9 g$
 []


Overfull \hbox (5.0491pt too wide) in paragraph at lines 441--441
[]\secfnt Deniable au-then-ti-ca-tion in the GUC frame-
 []

[3]
Underfull \hbox (badness 1237) in paragraph at lines 517--517
\OML/cmm/m/it/9 J[] \OMS/cmsy/m/n/9 [ f\OML/cmm/m/it/9 j\OMS/cmsy/m/n/9 g$\T1/a
er/m/n/9 . If $\OMS/cmsy/m/n/9 j\OML/cmm/m/it/9 J[]\OMS/cmsy/m/n/9 j ^^U \OML/c
mm/m/it/9 k=\OT1/cmr/m/n/9 2$\T1/aer/m/n/9 , then sort the list
 []


Underfull \hbox (badness 1184) in paragraph at lines 517--517
\OML/cmm/m/it/9 L$ \T1/aer/m/n/9 lex-i-co-graph-i-cally to form a list $\OML/cm
m/m/it/9 L[]$\T1/aer/m/n/9 , and hand
 []


Underfull \hbox (badness 2302) in paragraph at lines 517--517
\OT1/cmr/m/n/9 ((\OMS/cmsy/m/n/9 S\OML/cmm/m/it/9 ; M[]; []; L[]\OT1/cmr/m/n/9 
)\OML/cmm/m/it/9 ; \OMS/cmsy/m/n/9 f\OML/cmm/m/it/9 M[]; []; L[]\OMS/cmsy/m/n/9
 g[]\OT1/cmr/m/n/9 )$ \T1/aer/m/n/9 to to $[]$.
 []


Overfull \hbox (6.4pt too wide) in paragraph at lines 517--519
[][]
 []


Underfull \hbox (badness 10000) in paragraph at lines 517--519

 []


Overfull \hbox (9.14076pt too wide) in paragraph at lines 523--523
[]\secfnt ANONYMOUS AU-THEN-TI-CATED CHAN-
 []


Underfull \hbox (badness 10000) in paragraph at lines 561--561
\OML/cmm/m/it/9 m[] \OMS/cmsy/m/n/9 2 \OML/cmm/m/it/9 G[]$ \T1/aer/m/n/9 to $[]
$, wait un-til re-ceiv-ing
 []


Underfull \hbox (badness 4108) in paragraph at lines 561--561
\OT1/cmr/m/n/9 (\OMS/cmsy/m/n/9 S\OML/cmm/m/it/9 ; []; m[]; i; j; ^^[[]\OT1/cmr
/m/n/9 )$ $\OML/cmm/m/it/9 ^^[[] \OMS/cmsy/m/n/9 2 \OML/cmm/m/it/9 G[]$ \T1/aer
/m/n/9 from $[]$
 []


Overfull \hbox (6.4pt too wide) in paragraph at lines 561--563
[][]
 []


Underfull \hbox (badness 10000) in paragraph at lines 561--563

 []

[4]

LaTeX Warning: Reference `func:g_krk' on page \thepage  undefined on input line
 599.


Underfull \hbox (badness 10000) in paragraph at lines 654--654

 []


Overfull \hbox (9.47786pt too wide) in paragraph at lines 654--655
[][] 
 []

\c@lemma=\count116

Overfull \hbox (44.36884pt too wide) in paragraph at lines 670--695
\T1/aer/m/n/9 vi-ron-ment $\OMS/cmsy/m/n/9 Z$ \T1/aer/m/n/9 that dis-tin-guish 
from an ex-e-cu-tion of $\OMS/cmsy/m/n/9 H\OT1/cmr/m/n/9 (\OMS/cmsy/m/n/9 S\OML
/cmm/m/it/9 ; []; []\OT1/cmr/m/n/9 )$
 []

[5]
Underfull \hbox (badness 10000) in paragraph at lines 745--745

 []


Underfull \hbox (badness 10000) in paragraph at lines 745--745

 []


Underfull \hbox (badness 10000) in paragraph at lines 745--745

 []


Underfull \hbox (badness 1590) in paragraph at lines 745--745
[]\T1/aer/m/n/9 If $\OT1/cmr/m/n/9 ([]\OML/cmm/m/it/9 ; []\OT1/cmr/m/n/9 )$ \T1
/aer/m/n/9 is re-ceived from $[]$ then make $\OMS/cmsy/m/n/9 Z[]$
 []


Underfull \hbox (badness 2922) in paragraph at lines 745--745
\T1/aer/m/n/9 sends $\OT1/cmr/m/n/9 ([])$ \T1/aer/m/n/9 to $\OML/cmm/m/it/9 P[]
$ \T1/aer/m/n/9 and make $\OMS/cmsy/m/n/9 F[]$ \T1/aer/m/n/9 sends
 []


Underfull \hbox (badness 2310) in paragraph at lines 745--745
[]\T1/aer/m/n/9 If $\OT1/cmr/m/n/9 ([]\OML/cmm/m/it/9 ; m; i; j\OT1/cmr/m/n/9 )
$ \T1/aer/m/n/9 is re-ceived from $[]$ re-cover $\OML/cmm/m/it/9 x[]$
 []


Underfull \hbox (badness 1067) in paragraph at lines 745--745
\T1/aer/m/n/9 and $\OML/cmm/m/it/9 y[]$ \T1/aer/m/n/9 from $[]$ (not the sim-u-
lated one), let
 []


Overfull \hbox (6.4pt too wide) in paragraph at lines 745--746
[][] 
 []


Overfull \hbox (15.58824pt too wide) in paragraph at lines 750--764
[]\T1/aer/m/n/9 We de-fine $[] \OT1/cmr/m/n/9 = \OMS/cmsy/m/n/9 Z\OT1/cmr/m/n/9
 (\OMS/cmsy/m/n/9 H\OT1/cmr/m/n/9 (\OMS/cmsy/m/n/9 A\OML/cmm/m/it/9 ; []; []; [
]\OT1/cmr/m/n/9 ))$ \T1/aer/m/n/9 and $[] \OT1/cmr/m/n/9 =
 []


Underfull \hbox (badness 10000) in paragraph at lines 802--802

 []


Overfull \hbox (6.4pt too wide) in paragraph at lines 802--803
[][] 
 []

(./paper_memoria.bbl [6]) [7

] (./paper_memoria.aux)

LaTeX Warning: There were undefined references.

 ) 
Here is how much of TeX's memory you used:
 2283 strings out of 495061
 25809 string characters out of 1182621
 90191 words of memory out of 3000000
 5404 multiletter control sequences out of 15000+50000
 64001 words of font info for 91 fonts, out of 3000000 for 9000
 28 hyphenation exceptions out of 8191
 39i,12n,26p,231b,330s stack positions out of 5000i,500n,10000p,200000b,50000s
{/usr/share/texmf-texlive/fonts/enc/dvips/base/8r.enc}</usr/share/texmf-texli
ve/fonts/type1/public/amsfonts/cm/cmbx6.pfb></usr/share/texmf-texlive/fonts/typ
e1/public/amsfonts/cm/cmbx9.pfb></usr/share/texmf-texlive/fonts/type1/public/am
sfonts/cm/cmcsc10.pfb></usr/share/texmf-texlive/fonts/type1/public/amsfonts/cme
xtra/cmex9.pfb></usr/share/texmf-texlive/fonts/type1/public/amsfonts/cm/cmmi5.p
fb></usr/share/texmf-texlive/fonts/type1/public/amsfonts/cm/cmmi6.pfb></usr/sha
re/texmf-texlive/fonts/type1/public/amsfonts/cm/cmmi9.pfb></usr/share/texmf-tex
live/fonts/type1/public/amsfonts/cm/cmr5.pfb></usr/share/texmf-texlive/fonts/ty
pe1/public/amsfonts/cm/cmr6.pfb></usr/share/texmf-texlive/fonts/type1/public/am
sfonts/cm/cmr9.pfb></usr/share/texmf-texlive/fonts/type1/public/amsfonts/cm/cms
y5.pfb></usr/share/texmf-texlive/fonts/type1/public/amsfonts/cm/cmsy6.pfb></usr
/share/texmf-texlive/fonts/type1/public/amsfonts/cm/cmsy9.pfb></usr/share/texmf
-texlive/fonts/type1/public/amsfonts/cm/cmti7.pfb></usr/share/texmf-texlive/fon
ts/type1/public/amsfonts/cm/cmti9.pfb></usr/share/texmf-texlive/fonts/type1/pub
lic/amsfonts/cm/cmtt9.pfb></usr/share/texmf-texlive/fonts/type1/urw/helvetic/uh
vb8a.pfb></usr/share/texmf-texlive/fonts/type1/urw/helvetic/uhvr8a.pfb></usr/sh
are/texmf-texlive/fonts/type1/urw/times/utmb8a.pfb>
Output written on paper_memoria.pdf (7 pages, 281886 bytes).
PDF statistics:
 103 PDF objects out of 1000 (max. 8388607)
 0 named destinations out of 1000 (max. 500000)
 1 words of extra memory for PDF output out of 10000 (max. 10000000)

